Started on Aug 12, 2025, 6:05:00 PM
Using strategy: Default
[poll] Last Built Revision: Revision 9ee14ec97ecdc6e2f04298a8ee4d4e53b3ba11b5 (refs/remotes/origin/main)
Selected Git installation does not exist. Using Default
The recommended git tool is: NONE
No credentials specified
 > git --version # timeout=10
 > git --version # 'git version 2.50.1'
 > git ls-remote -h -- https://github.com/kevgum/assignment.git # timeout=10
Found 5 remote heads on https://github.com/kevgum/assignment.git
[poll] Latest remote head revision on refs/heads/main is: 9ee14ec97ecdc6e2f04298a8ee4d4e53b3ba11b5 - already built by 5
Using strategy: Default
[poll] Last Built Revision: Revision 9ee14ec97ecdc6e2f04298a8ee4d4e53b3ba11b5 (refs/remotes/origin/main)
Selected Git installation does not exist. Using Default
The recommended git tool is: NONE
No credentials specified
 > git --version # timeout=10
 > git --version # 'git version 2.50.1'
 > git ls-remote -h -- https://github.com/kevgum/assignment.git # timeout=10
Found 5 remote heads on https://github.com/kevgum/assignment.git
[poll] Latest remote head revision on refs/heads/main is: 9ee14ec97ecdc6e2f04298a8ee4d4e53b3ba11b5 - already built by 5
Done. Took 2 sec
No changes
